<?xml version="1.0" encoding="utf-8"?><testsuites name="pytest tests"><testsuite name="pytest" errors="0" failures="0" skipped="0" tests="20" time="5.700" timestamp="2026-09-20T22:01:01.726851+00:00" hostname="agent-env-f37fe666-52b4-4e6d-94d6-972e7f20d608"><testcase classname="tests.test_v1_broadcast" name="test_create_event_returns_id_and_path" time="0.192" /><testcase classname="tests.test_translatebox" name="test_health_returns_200_and_key_configured" time="0.198" /><testcase classname="tests.test_v1_broadcast" name="test_get_event_public_info_and_404" time="0.387" /><testcase classname="tests.test_translatebox" name="test_realtime_session_mints_ephemeral" time="0.477" /><testcase classname="tests.test_v1_broadcast" name="test_stats_shape" time="0.238" /><testcase classname="tests.test_translatebox" name="test_root_api" time="0.147" /><testcase classname="tests.test_v1_broadcast" name="test_ws_fanout_and_single_session_and_late_joiner" time="0.882" /><testcase classname="tests.test_translatebox" name="test_realtime_session_target_es" time="0.493" /><testcase classname="tests.test_translatebox" name="test_realtime_session_target_de" time="0.444" /><testcase classname="tests.test_v1_broadcast" name="test_ws_pin_gating" time="0.142" /><testcase classname="tests.test_translatebox" name="test_realtime_session_target_ja" time="0.445" /><testcase classname="tests.test_v1_broadcast" name="test_ws_unknown_event_4404" time="0.003" /><testcase classname="tests.test_v1_broadcast" name="test_ws_listener_limit_4429" time="0.154" /><testcase classname="tests.test_v1_broadcast" name="test_no_sk_key_leak_in_events_or_stats" time="0.490" /><testcase classname="tests.test_translatebox" name="test_realtime_session_unsupported_target_returns_400" time="0.145" /><testcase classname="tests.test_translatebox" name="test_realtime_session_case_insensitive_target" time="0.408" /><testcase classname="tests.test_translatebox" name="test_v05_target_en_mints" time="0.465" /><testcase classname="tests.test_translatebox" name="test_v05_target_fr_mints" time="1.080" /><testcase classname="tests.test_translatebox" name="test_v05_instructions_graceful_fallback" time="0.673" /><testcase classname="tests.test_translatebox" name="test_v05_health_no_key_leak" time="0.145" /></testsuite></testsuites>