<?xml version="1.0" encoding="utf-8"?><testsuites name="pytest tests"><testsuite name="pytest" errors="0" failures="0" skipped="0" tests="12" time="4.859" timestamp="2026-09-20T20:16:59.694827+00:00" hostname="agent-env-f37fe666-52b4-4e6d-94d6-972e7f20d608"><testcase classname="tests.test_translatebox" name="test_health_returns_200_and_key_configured" time="0.162" /><testcase classname="tests.test_translatebox" name="test_realtime_session_mints_ephemeral" time="0.430" /><testcase classname="tests.test_translatebox" name="test_root_api" time="0.123" /><testcase classname="tests.test_translatebox" name="test_realtime_session_target_es" time="0.468" /><testcase classname="tests.test_translatebox" name="test_realtime_session_target_de" time="0.464" /><testcase classname="tests.test_translatebox" name="test_realtime_session_target_ja" time="0.459" /><testcase classname="tests.test_translatebox" name="test_realtime_session_unsupported_target_returns_400" time="0.146" /><testcase classname="tests.test_translatebox" name="test_realtime_session_case_insensitive_target" time="0.458" /><testcase classname="tests.test_translatebox" name="test_v05_target_en_mints" time="0.436" /><testcase classname="tests.test_translatebox" name="test_v05_target_fr_mints" time="0.394" /><testcase classname="tests.test_translatebox" name="test_v05_instructions_graceful_fallback" time="0.636" /><testcase classname="tests.test_translatebox" name="test_v05_health_no_key_leak" time="0.146" /></testsuite></testsuites>