<?xml version="1.0" encoding="utf-8"?><testsuites name="pytest tests"><testsuite name="pytest" errors="0" failures="0" skipped="0" tests="3" time="1.815" timestamp="2026-09-20T19:35:54.521625+00:00" hostname="agent-env-f37fe666-52b4-4e6d-94d6-972e7f20d608"><testcase classname="tests.test_translatebox" name="test_health_returns_200_and_key_configured" time="0.325" /><testcase classname="tests.test_translatebox" name="test_realtime_session_mints_ephemeral" time="0.833" /><testcase classname="tests.test_translatebox" name="test_root_api" time="0.132" /></testsuite></testsuites>