<?xml version="1.0" encoding="utf-8"?><testsuites name="pytest tests"><testsuite name="pytest" errors="0" failures="0" skipped="0" tests="11" time="70.741" timestamp="2026-09-20T21:38:13.885701+00:00" hostname="agent-env-f37fe666-52b4-4e6d-94d6-972e7f20d608"><testcase classname="tests.test_security_hardening" name="test_security_headers_on_health" time="0.154" /><testcase classname="tests.test_security_hardening" name="test_security_headers_on_realtime_session" time="0.409" /><testcase classname="tests.test_security_hardening" name="test_health_no_key_leak_headers_and_body" time="0.137" /><testcase classname="tests.test_security_hardening" name="test_realtime_session_body_contains_ek_not_sk" time="0.469" /><testcase classname="tests.test_security_hardening" name="test_cors_credentials_disabled" time="0.129" /><testcase classname="tests.test_security_hardening" name="test_cors_allows_cross_origin_get" time="0.120" /><testcase classname="tests.test_security_hardening" name="test_large_instructions_rejected_or_truncated" time="0.169" /><testcase classname="tests.test_security_hardening" name="test_generic_error_on_upstream_failure" time="0.420" /><testcase classname="tests.test_security_hardening" name="test_health_regression" time="0.139" /><testcase classname="tests.test_security_hardening" name="test_invalid_target_returns_400" time="0.128" /><testcase classname="tests.test_security_hardening" name="test_zzz_rate_limit_triggers_429" time="67.886" /></testsuite></testsuites>