<?xml version="1.0" encoding="utf-8"?><testsuites name="pytest tests"><testsuite name="pytest" errors="0" failures="0" skipped="0" tests="10" time="2.913" timestamp="2026-09-20T20:42:09.973653+00:00" hostname="agent-env-f37fe666-52b4-4e6d-94d6-972e7f20d608"><testcase classname="tests.test_security_hardening" name="test_security_headers_on_health" time="0.165" /><testcase classname="tests.test_security_hardening" name="test_security_headers_on_realtime_session" time="0.470" /><testcase classname="tests.test_security_hardening" name="test_health_no_key_leak_headers_and_body" time="0.172" /><testcase classname="tests.test_security_hardening" name="test_realtime_session_body_contains_ek_not_sk" time="0.454" /><testcase classname="tests.test_security_hardening" name="test_cors_credentials_disabled" time="0.126" /><testcase classname="tests.test_security_hardening" name="test_cors_allows_cross_origin_get" time="0.119" /><testcase classname="tests.test_security_hardening" name="test_large_instructions_rejected_or_truncated" time="0.144" /><testcase classname="tests.test_security_hardening" name="test_generic_error_on_upstream_failure" time="0.489" /><testcase classname="tests.test_security_hardening" name="test_health_regression" time="0.140" /><testcase classname="tests.test_security_hardening" name="test_invalid_target_returns_400" time="0.113" /></testsuite></testsuites>