<?xml version="1.0" encoding="utf-8"?><testsuites name="pytest tests"><testsuite name="pytest" errors="0" failures="0" skipped="0" tests="12" time="6.608" timestamp="2026-09-20T21:07:04.224549+00:00" hostname="agent-env-f37fe666-52b4-4e6d-94d6-972e7f20d608"><testcase classname="tests.test_translatebox" name="test_health_returns_200_and_key_configured" time="0.285" /><testcase classname="tests.test_translatebox" name="test_realtime_session_mints_ephemeral" time="0.887" /><testcase classname="tests.test_translatebox" name="test_root_api" time="0.129" /><testcase classname="tests.test_translatebox" name="test_realtime_session_target_es" time="1.491" /><testcase classname="tests.test_translatebox" name="test_realtime_session_target_de" time="0.491" /><testcase classname="tests.test_translatebox" name="test_realtime_session_target_ja" time="0.420" /><testcase classname="tests.test_translatebox" name="test_realtime_session_unsupported_target_returns_400" time="0.180" /><testcase classname="tests.test_translatebox" name="test_realtime_session_case_insensitive_target" time="0.475" /><testcase classname="tests.test_translatebox" name="test_v05_target_en_mints" time="0.443" /><testcase classname="tests.test_translatebox" name="test_v05_target_fr_mints" time="0.472" /><testcase classname="tests.test_translatebox" name="test_v05_instructions_graceful_fallback" time="0.706" /><testcase classname="tests.test_translatebox" name="test_v05_health_no_key_leak" time="0.146" /></testsuite></testsuites>